[debug] [2023-12-09T09:59:34.820Z] ----------------------------------------------------------------------
[debug] [2023-12-09T09:59:34.822Z] Command:       C:\Program Files\nodejs\node.exe C:\Users\user\AppData\Roaming\npm\node_modules\firebase-tools\lib\bin\firebase.js deploy
[debug] [2023-12-09T09:59:34.823Z] CLI Version:   12.9.1
[debug] [2023-12-09T09:59:34.823Z] Platform:      win32
[debug] [2023-12-09T09:59:34.824Z] Node Version:  v18.15.0
[debug] [2023-12-09T09:59:34.825Z] Time:          Sat Dec 09 2023 11:59:34 GMT+0200 (Източноевропейско стандартно време)
[debug] [2023-12-09T09:59:34.825Z] ----------------------------------------------------------------------
[debug] 
[debug] [2023-12-09T09:59:34.926Z] Field ".functions" in "firebase.json" is possibly invalid: should be object
[debug] [2023-12-09T09:59:34.927Z] Object ".functions[0]" in "firebase.json" has unknown property: {"additionalProperty":"rewrites"}
[debug] [2023-12-09T09:59:34.927Z] Field ".functions" in "firebase.json" is possibly invalid: should match some schema in anyOf
[debug] [2023-12-09T09:59:34.932Z] > command requires scopes: ["email","openid","https://www.googleapis.com/auth/cloudplatformprojects.readonly","https://www.googleapis.com/auth/firebase","https://www.googleapis.com/auth/cloud-platform"]
[debug] [2023-12-09T09:59:34.933Z] > authorizing via signed-in user (martingav123@gmail.com)
[debug] [2023-12-09T09:59:34.933Z] [iam] checking project car-shop-6b1fb for permissions ["cloudfunctions.functions.create","cloudfunctions.functions.delete","cloudfunctions.functions.get","cloudfunctions.functions.list","cloudfunctions.functions.update","cloudfunctions.operations.get","firebase.projects.get"]
[debug] [2023-12-09T09:59:34.935Z] > refreshing access token with scopes: []
[debug] [2023-12-09T09:59:34.937Z] >>> [apiv2][query] POST https://www.googleapis.com/oauth2/v3/token [none]
[debug] [2023-12-09T09:59:34.937Z] >>> [apiv2][body] POST https://www.googleapis.com/oauth2/v3/token [omitted]
[debug] [2023-12-09T09:59:35.129Z] <<< [apiv2][status] POST https://www.googleapis.com/oauth2/v3/token 200
[debug] [2023-12-09T09:59:35.130Z] <<< [apiv2][body] POST https://www.googleapis.com/oauth2/v3/token [omitted]
[debug] [2023-12-09T09:59:35.143Z] >>> [apiv2][query] POST https://cloudresourcemanager.googleapis.com/v1/projects/car-shop-6b1fb:testIamPermissions [none]
[debug] [2023-12-09T09:59:35.143Z] >>> [apiv2][(partial)header] POST https://cloudresourcemanager.googleapis.com/v1/projects/car-shop-6b1fb:testIamPermissions x-goog-quota-user=projects/car-shop-6b1fb
[debug] [2023-12-09T09:59:35.143Z] >>> [apiv2][body] POST https://cloudresourcemanager.googleapis.com/v1/projects/car-shop-6b1fb:testIamPermissions {"permissions":["cloudfunctions.functions.create","cloudfunctions.functions.delete","cloudfunctions.functions.get","cloudfunctions.functions.list","cloudfunctions.functions.update","cloudfunctions.operations.get","firebase.projects.get"]}
[debug] [2023-12-09T09:59:36.044Z] <<< [apiv2][status] POST https://cloudresourcemanager.googleapis.com/v1/projects/car-shop-6b1fb:testIamPermissions 200
[debug] [2023-12-09T09:59:36.044Z] <<< [apiv2][body] POST https://cloudresourcemanager.googleapis.com/v1/projects/car-shop-6b1fb:testIamPermissions {"permissions":["cloudfunctions.functions.create","cloudfunctions.functions.delete","cloudfunctions.functions.get","cloudfunctions.functions.list","cloudfunctions.functions.update","cloudfunctions.operations.get","firebase.projects.get"]}
[debug] [2023-12-09T09:59:36.045Z] >>> [apiv2][query] POST https://iam.googleapis.com/v1/projects/car-shop-6b1fb/serviceAccounts/car-shop-6b1fb@appspot.gserviceaccount.com:testIamPermissions [none]
[debug] [2023-12-09T09:59:36.046Z] >>> [apiv2][body] POST https://iam.googleapis.com/v1/projects/car-shop-6b1fb/serviceAccounts/car-shop-6b1fb@appspot.gserviceaccount.com:testIamPermissions {"permissions":["iam.serviceAccounts.actAs"]}
[debug] [2023-12-09T09:59:36.950Z] <<< [apiv2][status] POST https://iam.googleapis.com/v1/projects/car-shop-6b1fb/serviceAccounts/car-shop-6b1fb@appspot.gserviceaccount.com:testIamPermissions 200
[debug] [2023-12-09T09:59:36.951Z] <<< [apiv2][body] POST https://iam.googleapis.com/v1/projects/car-shop-6b1fb/serviceAccounts/car-shop-6b1fb@appspot.gserviceaccount.com:testIamPermissions {"permissions":["iam.serviceAccounts.actAs"]}
[info] 
[info] === Deploying to 'car-shop-6b1fb'...
[info] 
[info] i  deploying functions 
[debug] [2023-12-09T09:59:36.966Z] >>> [apiv2][query] GET https://firebase.googleapis.com/v1beta1/projects/car-shop-6b1fb [none]
[debug] [2023-12-09T09:59:37.298Z] <<< [apiv2][status] GET https://firebase.googleapis.com/v1beta1/projects/car-shop-6b1fb 200
[debug] [2023-12-09T09:59:37.298Z] <<< [apiv2][body] GET https://firebase.googleapis.com/v1beta1/projects/car-shop-6b1fb {"projectId":"car-shop-6b1fb","projectNumber":"703564746152","displayName":"Car Shop","name":"projects/car-shop-6b1fb","resources":{"hostingSite":"car-shop-6b1fb"},"state":"ACTIVE","etag":"1_f9ab5265-0a43-4814-a501-a524c6544945"}
[info] i  functions: preparing codebase default for deployment 
[info] i  functions: ensuring required API cloudfunctions.googleapis.com is enabled... 
[info] i  functions: ensuring required API cloudbuild.googleapis.com is enabled... 
[info] i  artifactregistry: ensuring required API artifactregistry.googleapis.com is enabled... 
[debug] [2023-12-09T09:59:37.302Z] >>> [apiv2][query] GET https://serviceusage.googleapis.com/v1/projects/car-shop-6b1fb/services/cloudfunctions.googleapis.com [none]
[debug] [2023-12-09T09:59:37.302Z] >>> [apiv2][(partial)header] GET https://serviceusage.googleapis.com/v1/projects/car-shop-6b1fb/services/cloudfunctions.googleapis.com x-goog-quota-user=projects/car-shop-6b1fb
[debug] [2023-12-09T09:59:37.303Z] >>> [apiv2][query] GET https://serviceusage.googleapis.com/v1/projects/car-shop-6b1fb/services/runtimeconfig.googleapis.com [none]
[debug] [2023-12-09T09:59:37.303Z] >>> [apiv2][(partial)header] GET https://serviceusage.googleapis.com/v1/projects/car-shop-6b1fb/services/runtimeconfig.googleapis.com x-goog-quota-user=projects/car-shop-6b1fb
[debug] [2023-12-09T09:59:37.304Z] >>> [apiv2][query] GET https://serviceusage.googleapis.com/v1/projects/car-shop-6b1fb/services/cloudbuild.googleapis.com [none]
[debug] [2023-12-09T09:59:37.304Z] >>> [apiv2][(partial)header] GET https://serviceusage.googleapis.com/v1/projects/car-shop-6b1fb/services/cloudbuild.googleapis.com x-goog-quota-user=projects/car-shop-6b1fb
[debug] [2023-12-09T09:59:37.305Z] >>> [apiv2][query] GET https://serviceusage.googleapis.com/v1/projects/car-shop-6b1fb/services/artifactregistry.googleapis.com [none]
[debug] [2023-12-09T09:59:37.305Z] >>> [apiv2][(partial)header] GET https://serviceusage.googleapis.com/v1/projects/car-shop-6b1fb/services/artifactregistry.googleapis.com x-goog-quota-user=projects/car-shop-6b1fb
[debug] [2023-12-09T09:59:38.363Z] <<< [apiv2][status] GET https://serviceusage.googleapis.com/v1/projects/car-shop-6b1fb/services/runtimeconfig.googleapis.com 200
[debug] [2023-12-09T09:59:38.363Z] <<< [apiv2][body] GET https://serviceusage.googleapis.com/v1/projects/car-shop-6b1fb/services/runtimeconfig.googleapis.com [omitted]
[debug] [2023-12-09T09:59:38.367Z] <<< [apiv2][status] GET https://serviceusage.googleapis.com/v1/projects/car-shop-6b1fb/services/cloudfunctions.googleapis.com 200
[debug] [2023-12-09T09:59:38.367Z] <<< [apiv2][body] GET https://serviceusage.googleapis.com/v1/projects/car-shop-6b1fb/services/cloudfunctions.googleapis.com [omitted]
[info] +  functions: required API cloudfunctions.googleapis.com is enabled 
[debug] [2023-12-09T09:59:38.369Z] <<< [apiv2][status] GET https://serviceusage.googleapis.com/v1/projects/car-shop-6b1fb/services/cloudbuild.googleapis.com 200
[debug] [2023-12-09T09:59:38.369Z] <<< [apiv2][body] GET https://serviceusage.googleapis.com/v1/projects/car-shop-6b1fb/services/cloudbuild.googleapis.com [omitted]
[info] +  functions: required API cloudbuild.googleapis.com is enabled 
[debug] [2023-12-09T09:59:38.396Z] <<< [apiv2][status] GET https://serviceusage.googleapis.com/v1/projects/car-shop-6b1fb/services/artifactregistry.googleapis.com 200
[debug] [2023-12-09T09:59:38.396Z] <<< [apiv2][body] GET https://serviceusage.googleapis.com/v1/projects/car-shop-6b1fb/services/artifactregistry.googleapis.com [omitted]
[info] +  artifactregistry: required API artifactregistry.googleapis.com is enabled 
[debug] [2023-12-09T09:59:38.397Z] >>> [apiv2][query] GET https://firebase.googleapis.com/v1beta1/projects/car-shop-6b1fb/adminSdkConfig [none]
[debug] [2023-12-09T09:59:38.696Z] <<< [apiv2][status] GET https://firebase.googleapis.com/v1beta1/projects/car-shop-6b1fb/adminSdkConfig 200
[debug] [2023-12-09T09:59:38.696Z] <<< [apiv2][body] GET https://firebase.googleapis.com/v1beta1/projects/car-shop-6b1fb/adminSdkConfig {"projectId":"car-shop-6b1fb","storageBucket":"car-shop-6b1fb.appspot.com"}
[debug] [2023-12-09T09:59:38.698Z] >>> [apiv2][query] GET https://runtimeconfig.googleapis.com/v1beta1/projects/car-shop-6b1fb/configs [none]
[debug] [2023-12-09T09:59:39.111Z] <<< [apiv2][status] GET https://runtimeconfig.googleapis.com/v1beta1/projects/car-shop-6b1fb/configs 200
[debug] [2023-12-09T09:59:39.111Z] <<< [apiv2][body] GET https://runtimeconfig.googleapis.com/v1beta1/projects/car-shop-6b1fb/configs {}
[debug] [2023-12-09T09:59:39.115Z] Validating nodejs source
[debug] [2023-12-09T09:59:40.980Z] > [functions] package.json contents: {
  "name": "rest-api",
  "version": "1.0.0",
  "description": "REST-api for back-end of React project",
  "main": "index.js",
  "scripts": {
    "start": "nodemon .",
    "test": "echo \"Error: no test specified\" && exit 1",
    "deploy": "firebase deploy --only functions:api"
  },
  "repository": {
    "type": "git",
    "url": "git+https://github.com/BoogyHS/REST-api.git"
  },
  "keywords": [
    "rest-api"
  ],
  "author": "BoogyHS",
  "license": "ISC",
  "bugs": {
    "url": "https://github.com/BoogyHS/REST-api/issues"
  },
  "homepage": "https://github.com/BoogyHS/REST-api#readme",
  "dependencies": {
    "bcrypt": "^5.0.0",
    "cookie-parser": "^1.4.5",
    "cors": "^2.8.5",
    "dotenv": "^8.6.0",
    "express": "^4.17.1",
    "firebase-admin": "^11.11.1",
    "firebase-functions": "^4.5.0",
    "jsonwebtoken": "^8.5.1",
    "mongodb": "^6.3.0",
    "mongoose": "^5.9.19"
  },
  "devDependencies": {
    "nodemon": "^2.0.4"
  },
  "engines": {
    "node": "18"
  }
}
[debug] [2023-12-09T09:59:40.980Z] Building nodejs source
[info] i  functions: Loading and analyzing source code for codebase default to determine what to deploy 
[debug] [2023-12-09T09:59:40.981Z] Could not find functions.yaml. Must use http discovery
[debug] [2023-12-09T09:59:41.014Z] Found firebase-functions binary at 'D:\Soft-Uni\React\Firebase Project\REST API\node_modules\.bin\firebase-functions'
[info] Serving at port 8135

[debug] [2023-12-09T09:59:44.778Z] Got response from /__/functions.yaml {"endpoints":{"api":{"platform":"gcfv1","availableMemoryMb":null,"timeoutSeconds":null,"minInstances":null,"maxInstances":null,"ingressSettings":null,"serviceAccountEmail":null,"vpc":null,"httpsTrigger":{},"entryPoint":"api"}},"specVersion":"v1alpha1","requiredAPIs":[]}
[info] i  functions: Loaded environment variables from .env. 
[info] i  functions: preparing . directory for uploading... 
[info] i  functions: packaged D:\Soft-Uni\React\Firebase Project\REST API (60.81 KB) for uploading 
[debug] [2023-12-09T09:59:44.909Z] >>> [apiv2][query] GET https://cloudfunctions.googleapis.com/v1/projects/car-shop-6b1fb/locations/-/functions [none]
[debug] [2023-12-09T09:59:45.479Z] <<< [apiv2][status] GET https://cloudfunctions.googleapis.com/v1/projects/car-shop-6b1fb/locations/-/functions 200
[debug] [2023-12-09T09:59:45.479Z] <<< [apiv2][body] GET https://cloudfunctions.googleapis.com/v1/projects/car-shop-6b1fb/locations/-/functions {"functions":[{"name":"projects/car-shop-6b1fb/locations/us-central1/functions/api","httpsTrigger":{"url":"https://us-central1-car-shop-6b1fb.cloudfunctions.net/api","securityLevel":"SECURE_ALWAYS"},"status":"ACTIVE","entryPoint":"api","timeout":"60s","availableMemoryMb":256,"serviceAccountEmail":"car-shop-6b1fb@appspot.gserviceaccount.com","updateTime":"2023-12-08T12:41:31.270Z","versionId":"27","labels":{"deployment-tool":"cli-firebase","firebase-functions-hash":"d6d5465ed10c1a2753b1b5ab49406613756f4e9f"},"sourceUploadUrl":"https://storage.googleapis.com/uploads-1068149633135.us-central1.cloudfunctions.appspot.com/db5e0a96-49a1-4459-9bb9-3b73097c292b.zip","environmentVariables":{"CONNECTION":"mongodb+srv://Martoto_BG:Martinav123@car-app.vcc66eh.mongodb.net/Car-Shop?retryWrites=true&w=majority","FIREBASE_CONFIG":"{\"projectId\":\"car-shop-6b1fb\",\"storageBucket\":\"car-shop-6b1fb.appspot.com\"}","GCLOUD_PROJECT":"car-shop-6b1fb","EVENTARC_CLOUD_EVENT_SOURCE":"projects/car-shop-6b1fb/locations/us-central1/functions/api"},"runtime":"nodejs18","ingressSettings":"ALLOW_ALL","buildId":"509fe72d-1364-4d8c-a44d-1654ea3d8c4b","buildEnvironmentVariables":{"GOOGLE_NODE_RUN_SCRIPTS":""},"buildName":"projects/703564746152/locations/us-central1/builds/509fe72d-1364-4d8c-a44d-1654ea3d8c4b","dockerRegistry":"ARTIFACT_REGISTRY","automaticUpdatePolicy":{}}]}
[debug] [2023-12-09T09:59:45.481Z] >>> [apiv2][query] GET https://cloudfunctions.googleapis.com/v2/projects/car-shop-6b1fb/locations/-/functions filter=environment%3D%22GEN_2%22
[debug] [2023-12-09T09:59:46.519Z] <<< [apiv2][status] GET https://cloudfunctions.googleapis.com/v2/projects/car-shop-6b1fb/locations/-/functions 200
[debug] [2023-12-09T09:59:46.519Z] <<< [apiv2][body] GET https://cloudfunctions.googleapis.com/v2/projects/car-shop-6b1fb/locations/-/functions {}
[debug] [2023-12-09T09:59:46.523Z] >>> [apiv2][query] GET https://firebase.googleapis.com/v1beta1/projects/car-shop-6b1fb [none]
[debug] [2023-12-09T09:59:46.850Z] <<< [apiv2][status] GET https://firebase.googleapis.com/v1beta1/projects/car-shop-6b1fb 200
[debug] [2023-12-09T09:59:46.850Z] <<< [apiv2][body] GET https://firebase.googleapis.com/v1beta1/projects/car-shop-6b1fb {"projectId":"car-shop-6b1fb","projectNumber":"703564746152","displayName":"Car Shop","name":"projects/car-shop-6b1fb","resources":{"hostingSite":"car-shop-6b1fb"},"state":"ACTIVE","etag":"1_f9ab5265-0a43-4814-a501-a524c6544945"}
[debug] [2023-12-09T09:59:46.852Z] >>> [apiv2][query] POST https://cloudfunctions.googleapis.com/v1/projects/car-shop-6b1fb/locations/us-central1/functions:generateUploadUrl [none]
[debug] [2023-12-09T09:59:46.852Z] >>> [apiv2][body] POST https://cloudfunctions.googleapis.com/v1/projects/car-shop-6b1fb/locations/us-central1/functions:generateUploadUrl {}
[debug] [2023-12-09T09:59:47.528Z] <<< [apiv2][status] POST https://cloudfunctions.googleapis.com/v1/projects/car-shop-6b1fb/locations/us-central1/functions:generateUploadUrl 200
[debug] [2023-12-09T09:59:47.528Z] <<< [apiv2][body] POST https://cloudfunctions.googleapis.com/v1/projects/car-shop-6b1fb/locations/us-central1/functions:generateUploadUrl {"uploadUrl":"https://storage.googleapis.com/uploads-1068149633135.us-central1.cloudfunctions.appspot.com/668c2958-bfb7-4212-881d-79a261fe0ee2.zip?GoogleAccessId=service-703564746152@gcf-admin-robot.iam.gserviceaccount.com&Expires=1702117788&Signature=B%2FwKJdC47uRehuswWA2OoiNr8vXiVA8n0nqRklNk7mSNnGOxMkYI7woCiXC3bF89NI%2Bh4LQZ0L5b%2F83nySSv5fnFD0oiv%2FyYTv57W9bd1huOgTIc0oYRoAvYtvgfNFOb6BatwXOz99nNzljIgD1CZpzgCSzGiFxH2DhHBmaOZldX3nv0JtPhNcqODA0jg0jV%2FjhVnidwHG%2FKZ4CAkvJfijZyq%2BdcTlAdU2tgdy6OCy3ccd9En7%2BHHeFfDDF9a8hNA2psZyxYehob2qk8NQxQZ%2F9XV17YFsUU%2FpEoxn6cOWWpVTiHABQw6fPDz1Lm%2FkYMhvWAbWWWlDtIW%2FoItwADjA%3D%3D"}
[debug] [2023-12-09T09:59:47.529Z] >>> [apiv2][query] PUT https://storage.googleapis.com/uploads-1068149633135.us-central1.cloudfunctions.appspot.com/668c2958-bfb7-4212-881d-79a261fe0ee2.zip GoogleAccessId=service-703564746152%40gcf-admin-robot.iam.gserviceaccount.com&Expires=1702117788&Signature=B%2FwKJdC47uRehuswWA2OoiNr8vXiVA8n0nqRklNk7mSNnGOxMkYI7woCiXC3bF89NI%2Bh4LQZ0L5b%2F83nySSv5fnFD0oiv%2FyYTv57W9bd1huOgTIc0oYRoAvYtvgfNFOb6BatwXOz99nNzljIgD1CZpzgCSzGiFxH2DhHBmaOZldX3nv0JtPhNcqODA0jg0jV%2FjhVnidwHG%2FKZ4CAkvJfijZyq%2BdcTlAdU2tgdy6OCy3ccd9En7%2BHHeFfDDF9a8hNA2psZyxYehob2qk8NQxQZ%2F9XV17YFsUU%2FpEoxn6cOWWpVTiHABQw6fPDz1Lm%2FkYMhvWAbWWWlDtIW%2FoItwADjA%3D%3D
[debug] [2023-12-09T09:59:47.529Z] >>> [apiv2][body] PUT https://storage.googleapis.com/uploads-1068149633135.us-central1.cloudfunctions.appspot.com/668c2958-bfb7-4212-881d-79a261fe0ee2.zip [stream]
[debug] [2023-12-09T09:59:48.179Z] <<< [apiv2][status] PUT https://storage.googleapis.com/uploads-1068149633135.us-central1.cloudfunctions.appspot.com/668c2958-bfb7-4212-881d-79a261fe0ee2.zip 200
[debug] [2023-12-09T09:59:48.179Z] <<< [apiv2][body] PUT https://storage.googleapis.com/uploads-1068149633135.us-central1.cloudfunctions.appspot.com/668c2958-bfb7-4212-881d-79a261fe0ee2.zip [omitted]
[info] +  functions: . folder uploaded successfully 
[info] i  functions: updating Node.js 18 (1st Gen) function api(us-central1)... 
[debug] [2023-12-09T09:59:48.185Z] >>> [apiv2][query] PATCH https://cloudfunctions.googleapis.com/v1/projects/car-shop-6b1fb/locations/us-central1/functions/api updateMask=name%2CsourceUploadUrl%2CentryPoint%2Cruntime%2CdockerRegistry%2Clabels%2ChttpsTrigger.securityLevel%2CminInstances%2CmaxInstances%2CingressSettings%2CenvironmentVariables%2CserviceAccountEmail%2CavailableMemoryMb%2Ctimeout%2CvpcConnector%2CvpcConnectorEgressSettings%2CsourceToken%2CbuildEnvironmentVariables
[debug] [2023-12-09T09:59:48.185Z] >>> [apiv2][body] PATCH https://cloudfunctions.googleapis.com/v1/projects/car-shop-6b1fb/locations/us-central1/functions/api {"name":"projects/car-shop-6b1fb/locations/us-central1/functions/api","sourceUploadUrl":"https://storage.googleapis.com/uploads-1068149633135.us-central1.cloudfunctions.appspot.com/668c2958-bfb7-4212-881d-79a261fe0ee2.zip?GoogleAccessId=service-703564746152@gcf-admin-robot.iam.gserviceaccount.com&Expires=1702117788&Signature=B%2FwKJdC47uRehuswWA2OoiNr8vXiVA8n0nqRklNk7mSNnGOxMkYI7woCiXC3bF89NI%2Bh4LQZ0L5b%2F83nySSv5fnFD0oiv%2FyYTv57W9bd1huOgTIc0oYRoAvYtvgfNFOb6BatwXOz99nNzljIgD1CZpzgCSzGiFxH2DhHBmaOZldX3nv0JtPhNcqODA0jg0jV%2FjhVnidwHG%2FKZ4CAkvJfijZyq%2BdcTlAdU2tgdy6OCy3ccd9En7%2BHHeFfDDF9a8hNA2psZyxYehob2qk8NQxQZ%2F9XV17YFsUU%2FpEoxn6cOWWpVTiHABQw6fPDz1Lm%2FkYMhvWAbWWWlDtIW%2FoItwADjA%3D%3D","entryPoint":"api","runtime":"nodejs18","dockerRegistry":"ARTIFACT_REGISTRY","labels":{"deployment-tool":"cli-firebase","firebase-functions-hash":"14d28c1289ffc16c2c978138389a3f1ca2e3df17"},"httpsTrigger":{"securityLevel":"SECURE_ALWAYS"},"minInstances":null,"maxInstances":null,"ingressSettings":null,"environmentVariables":{"CONNECTION":"mongodb+srv://Martoto_BG:Martinav123@car-app.vcc66eh.mongodb.net/Car-Shop?retryWrites=true&w=majority","FIREBASE_CONFIG":"{\"projectId\":\"car-shop-6b1fb\",\"storageBucket\":\"car-shop-6b1fb.appspot.com\"}","GCLOUD_PROJECT":"car-shop-6b1fb","EVENTARC_CLOUD_EVENT_SOURCE":"projects/car-shop-6b1fb/locations/us-central1/functions/api"},"serviceAccountEmail":null,"availableMemoryMb":null,"timeout":null,"vpcConnector":null,"vpcConnectorEgressSettings":null,"buildEnvironmentVariables":{"GOOGLE_NODE_RUN_SCRIPTS":""}}
[debug] [2023-12-09T09:59:48.931Z] <<< [apiv2][status] PATCH https://cloudfunctions.googleapis.com/v1/projects/car-shop-6b1fb/locations/us-central1/functions/api 200
[debug] [2023-12-09T09:59:48.931Z] <<< [apiv2][body] PATCH https://cloudfunctions.googleapis.com/v1/projects/car-shop-6b1fb/locations/us-central1/functions/api {"name":"operations/Y2FyLXNob3AtNmIxZmIvdXMtY2VudHJhbDEvYXBpL1NCZlcwMUhUZDJZ","metadata":{"@type":"type.googleapis.com/google.cloud.functions.v1.OperationMetadataV1","target":"projects/car-shop-6b1fb/locations/us-central1/functions/api","type":"UPDATE_FUNCTION","request":{"@type":"type.googleapis.com/google.cloud.functions.v1.CloudFunction","name":"projects/car-shop-6b1fb/locations/us-central1/functions/api","httpsTrigger":{"url":"https://us-central1-car-shop-6b1fb.cloudfunctions.net/api","securityLevel":"SECURE_ALWAYS"},"status":"ACTIVE","entryPoint":"api","updateTime":"2023-12-08T12:41:31.270Z","versionId":"27","labels":{"deployment-tool":"cli-firebase","firebase-functions-hash":"14d28c1289ffc16c2c978138389a3f1ca2e3df17"},"sourceUploadUrl":"https://storage.googleapis.com/uploads-1068149633135.us-central1.cloudfunctions.appspot.com/668c2958-bfb7-4212-881d-79a261fe0ee2.zip?GoogleAccessId=service-703564746152@gcf-admin-robot.iam.gserviceaccount.com&Expires=1702117788&Signature=B%2FwKJdC47uRehuswWA2OoiNr8vXiVA8n0nqRklNk7mSNnGOxMkYI7woCiXC3bF89NI%2Bh4LQZ0L5b%2F83nySSv5fnFD0oiv%2FyYTv57W9bd1huOgTIc0oYRoAvYtvgfNFOb6BatwXOz99nNzljIgD1CZpzgCSzGiFxH2DhHBmaOZldX3nv0JtPhNcqODA0jg0jV%2FjhVnidwHG%2FKZ4CAkvJfijZyq%2BdcTlAdU2tgdy6OCy3ccd9En7%2BHHeFfDDF9a8hNA2psZyxYehob2qk8NQxQZ%2F9XV17YFsUU%2FpEoxn6cOWWpVTiHABQw6fPDz1Lm%2FkYMhvWAbWWWlDtIW%2FoItwADjA%3D%3D","environmentVariables":{"CONNECTION":"mongodb+srv://Martoto_BG:Martinav123@car-app.vcc66eh.mongodb.net/Car-Shop?retryWrites=true&w=majority","FIREBASE_CONFIG":"{\"projectId\":\"car-shop-6b1fb\",\"storageBucket\":\"car-shop-6b1fb.appspot.com\"}","GCLOUD_PROJECT":"car-shop-6b1fb","EVENTARC_CLOUD_EVENT_SOURCE":"projects/car-shop-6b1fb/locations/us-central1/functions/api"},"runtime":"nodejs18","buildId":"509fe72d-1364-4d8c-a44d-1654ea3d8c4b","buildEnvironmentVariables":{"GOOGLE_NODE_RUN_SCRIPTS":""},"buildName":"projects/703564746152/locations/us-central1/builds/509fe72d-1364-4d8c-a44d-1654ea3d8c4b","dockerRegistry":"ARTIFACT_REGISTRY","automaticUpdatePolicy":{}},"versionId":"28","updateTime":"2023-12-09T09:59:49Z"}}
[debug] [2023-12-09T09:59:48.932Z] >>> [apiv2][query] GET https://cloudfunctions.googleapis.com/v1/operations/Y2FyLXNob3AtNmIxZmIvdXMtY2VudHJhbDEvYXBpL1NCZlcwMUhUZDJZ [none]
[debug] [2023-12-09T09:59:49.244Z] <<< [apiv2][status] GET https://cloudfunctions.googleapis.com/v1/operations/Y2FyLXNob3AtNmIxZmIvdXMtY2VudHJhbDEvYXBpL1NCZlcwMUhUZDJZ 200
[debug] [2023-12-09T09:59:49.244Z] <<< [apiv2][body] GET https://cloudfunctions.googleapis.com/v1/operations/Y2FyLXNob3AtNmIxZmIvdXMtY2VudHJhbDEvYXBpL1NCZlcwMUhUZDJZ {"name":"operations/Y2FyLXNob3AtNmIxZmIvdXMtY2VudHJhbDEvYXBpL1NCZlcwMUhUZDJZ","metadata":{"@type":"type.googleapis.com/google.cloud.functions.v1.OperationMetadataV1","target":"projects/car-shop-6b1fb/locations/us-central1/functions/api","type":"UPDATE_FUNCTION","request":{"@type":"type.googleapis.com/google.cloud.functions.v1.CloudFunction","name":"projects/car-shop-6b1fb/locations/us-central1/functions/api","httpsTrigger":{"url":"https://us-central1-car-shop-6b1fb.cloudfunctions.net/api","securityLevel":"SECURE_ALWAYS"},"status":"ACTIVE","entryPoint":"api","updateTime":"2023-12-08T12:41:31.270Z","versionId":"27","labels":{"deployment-tool":"cli-firebase","firebase-functions-hash":"14d28c1289ffc16c2c978138389a3f1ca2e3df17"},"sourceUploadUrl":"https://storage.googleapis.com/uploads-1068149633135.us-central1.cloudfunctions.appspot.com/668c2958-bfb7-4212-881d-79a261fe0ee2.zip?GoogleAccessId=service-703564746152@gcf-admin-robot.iam.gserviceaccount.com&Expires=1702117788&Signature=B%2FwKJdC47uRehuswWA2OoiNr8vXiVA8n0nqRklNk7mSNnGOxMkYI7woCiXC3bF89NI%2Bh4LQZ0L5b%2F83nySSv5fnFD0oiv%2FyYTv57W9bd1huOgTIc0oYRoAvYtvgfNFOb6BatwXOz99nNzljIgD1CZpzgCSzGiFxH2DhHBmaOZldX3nv0JtPhNcqODA0jg0jV%2FjhVnidwHG%2FKZ4CAkvJfijZyq%2BdcTlAdU2tgdy6OCy3ccd9En7%2BHHeFfDDF9a8hNA2psZyxYehob2qk8NQxQZ%2F9XV17YFsUU%2FpEoxn6cOWWpVTiHABQw6fPDz1Lm%2FkYMhvWAbWWWlDtIW%2FoItwADjA%3D%3D","environmentVariables":{"CONNECTION":"mongodb+srv://Martoto_BG:Martinav123@car-app.vcc66eh.mongodb.net/Car-Shop?retryWrites=true&w=majority","FIREBASE_CONFIG":"{\"projectId\":\"car-shop-6b1fb\",\"storageBucket\":\"car-shop-6b1fb.appspot.com\"}","GCLOUD_PROJECT":"car-shop-6b1fb","EVENTARC_CLOUD_EVENT_SOURCE":"projects/car-shop-6b1fb/locations/us-central1/functions/api"},"runtime":"nodejs18","buildId":"509fe72d-1364-4d8c-a44d-1654ea3d8c4b","buildEnvironmentVariables":{"GOOGLE_NODE_RUN_SCRIPTS":""},"buildName":"projects/703564746152/locations/us-central1/builds/509fe72d-1364-4d8c-a44d-1654ea3d8c4b","dockerRegistry":"ARTIFACT_REGISTRY","automaticUpdatePolicy":{}},"versionId":"28","updateTime":"2023-12-09T09:59:49Z"}}
[debug] [2023-12-09T09:59:49.751Z] [update-default-us-central1-api] Retrying task index 0
[debug] [2023-12-09T09:59:49.752Z] >>> [apiv2][query] GET https://cloudfunctions.googleapis.com/v1/operations/Y2FyLXNob3AtNmIxZmIvdXMtY2VudHJhbDEvYXBpL1NCZlcwMUhUZDJZ [none]
[debug] [2023-12-09T09:59:50.066Z] <<< [apiv2][status] GET https://cloudfunctions.googleapis.com/v1/operations/Y2FyLXNob3AtNmIxZmIvdXMtY2VudHJhbDEvYXBpL1NCZlcwMUhUZDJZ 200
[debug] [2023-12-09T09:59:50.066Z] <<< [apiv2][body] GET https://cloudfunctions.googleapis.com/v1/operations/Y2FyLXNob3AtNmIxZmIvdXMtY2VudHJhbDEvYXBpL1NCZlcwMUhUZDJZ {"name":"operations/Y2FyLXNob3AtNmIxZmIvdXMtY2VudHJhbDEvYXBpL1NCZlcwMUhUZDJZ","metadata":{"@type":"type.googleapis.com/google.cloud.functions.v1.OperationMetadataV1","target":"projects/car-shop-6b1fb/locations/us-central1/functions/api","type":"UPDATE_FUNCTION","request":{"@type":"type.googleapis.com/google.cloud.functions.v1.CloudFunction","name":"projects/car-shop-6b1fb/locations/us-central1/functions/api","httpsTrigger":{"url":"https://us-central1-car-shop-6b1fb.cloudfunctions.net/api","securityLevel":"SECURE_ALWAYS"},"status":"ACTIVE","entryPoint":"api","updateTime":"2023-12-08T12:41:31.270Z","versionId":"27","labels":{"deployment-tool":"cli-firebase","firebase-functions-hash":"14d28c1289ffc16c2c978138389a3f1ca2e3df17"},"sourceUploadUrl":"https://storage.googleapis.com/uploads-1068149633135.us-central1.cloudfunctions.appspot.com/668c2958-bfb7-4212-881d-79a261fe0ee2.zip?GoogleAccessId=service-703564746152@gcf-admin-robot.iam.gserviceaccount.com&Expires=1702117788&Signature=B%2FwKJdC47uRehuswWA2OoiNr8vXiVA8n0nqRklNk7mSNnGOxMkYI7woCiXC3bF89NI%2Bh4LQZ0L5b%2F83nySSv5fnFD0oiv%2FyYTv57W9bd1huOgTIc0oYRoAvYtvgfNFOb6BatwXOz99nNzljIgD1CZpzgCSzGiFxH2DhHBmaOZldX3nv0JtPhNcqODA0jg0jV%2FjhVnidwHG%2FKZ4CAkvJfijZyq%2BdcTlAdU2tgdy6OCy3ccd9En7%2BHHeFfDDF9a8hNA2psZyxYehob2qk8NQxQZ%2F9XV17YFsUU%2FpEoxn6cOWWpVTiHABQw6fPDz1Lm%2FkYMhvWAbWWWlDtIW%2FoItwADjA%3D%3D","environmentVariables":{"CONNECTION":"mongodb+srv://Martoto_BG:Martinav123@car-app.vcc66eh.mongodb.net/Car-Shop?retryWrites=true&w=majority","FIREBASE_CONFIG":"{\"projectId\":\"car-shop-6b1fb\",\"storageBucket\":\"car-shop-6b1fb.appspot.com\"}","GCLOUD_PROJECT":"car-shop-6b1fb","EVENTARC_CLOUD_EVENT_SOURCE":"projects/car-shop-6b1fb/locations/us-central1/functions/api"},"runtime":"nodejs18","buildId":"509fe72d-1364-4d8c-a44d-1654ea3d8c4b","buildEnvironmentVariables":{"GOOGLE_NODE_RUN_SCRIPTS":""},"buildName":"projects/703564746152/locations/us-central1/builds/509fe72d-1364-4d8c-a44d-1654ea3d8c4b","dockerRegistry":"ARTIFACT_REGISTRY","automaticUpdatePolicy":{}},"versionId":"28","updateTime":"2023-12-09T09:59:49Z","buildId":"e69e7b36-ee4c-40e3-9175-55dca69f5bd5","buildName":"projects/703564746152/locations/us-central1/builds/e69e7b36-ee4c-40e3-9175-55dca69f5bd5"}}
[debug] [2023-12-09T09:59:51.069Z] [update-default-us-central1-api] Retrying task index 0
[debug] [2023-12-09T09:59:51.070Z] >>> [apiv2][query] GET https://cloudfunctions.googleapis.com/v1/operations/Y2FyLXNob3AtNmIxZmIvdXMtY2VudHJhbDEvYXBpL1NCZlcwMUhUZDJZ [none]
[debug] [2023-12-09T09:59:51.408Z] <<< [apiv2][status] GET https://cloudfunctions.googleapis.com/v1/operations/Y2FyLXNob3AtNmIxZmIvdXMtY2VudHJhbDEvYXBpL1NCZlcwMUhUZDJZ 200
[debug] [2023-12-09T09:59:51.408Z] <<< [apiv2][body] GET https://cloudfunctions.googleapis.com/v1/operations/Y2FyLXNob3AtNmIxZmIvdXMtY2VudHJhbDEvYXBpL1NCZlcwMUhUZDJZ {"name":"operations/Y2FyLXNob3AtNmIxZmIvdXMtY2VudHJhbDEvYXBpL1NCZlcwMUhUZDJZ","metadata":{"@type":"type.googleapis.com/google.cloud.functions.v1.OperationMetadataV1","target":"projects/car-shop-6b1fb/locations/us-central1/functions/api","type":"UPDATE_FUNCTION","request":{"@type":"type.googleapis.com/google.cloud.functions.v1.CloudFunction","name":"projects/car-shop-6b1fb/locations/us-central1/functions/api","httpsTrigger":{"url":"https://us-central1-car-shop-6b1fb.cloudfunctions.net/api","securityLevel":"SECURE_ALWAYS"},"status":"ACTIVE","entryPoint":"api","updateTime":"2023-12-08T12:41:31.270Z","versionId":"27","labels":{"deployment-tool":"cli-firebase","firebase-functions-hash":"14d28c1289ffc16c2c978138389a3f1ca2e3df17"},"sourceUploadUrl":"https://storage.googleapis.com/uploads-1068149633135.us-central1.cloudfunctions.appspot.com/668c2958-bfb7-4212-881d-79a261fe0ee2.zip?GoogleAccessId=service-703564746152@gcf-admin-robot.iam.gserviceaccount.com&Expires=1702117788&Signature=B%2FwKJdC47uRehuswWA2OoiNr8vXiVA8n0nqRklNk7mSNnGOxMkYI7woCiXC3bF89NI%2Bh4LQZ0L5b%2F83nySSv5fnFD0oiv%2FyYTv57W9bd1huOgTIc0oYRoAvYtvgfNFOb6BatwXOz99nNzljIgD1CZpzgCSzGiFxH2DhHBmaOZldX3nv0JtPhNcqODA0jg0jV%2FjhVnidwHG%2FKZ4CAkvJfijZyq%2BdcTlAdU2tgdy6OCy3ccd9En7%2BHHeFfDDF9a8hNA2psZyxYehob2qk8NQxQZ%2F9XV17YFsUU%2FpEoxn6cOWWpVTiHABQw6fPDz1Lm%2FkYMhvWAbWWWlDtIW%2FoItwADjA%3D%3D","environmentVariables":{"CONNECTION":"mongodb+srv://Martoto_BG:Martinav123@car-app.vcc66eh.mongodb.net/Car-Shop?retryWrites=true&w=majority","FIREBASE_CONFIG":"{\"projectId\":\"car-shop-6b1fb\",\"storageBucket\":\"car-shop-6b1fb.appspot.com\"}","GCLOUD_PROJECT":"car-shop-6b1fb","EVENTARC_CLOUD_EVENT_SOURCE":"projects/car-shop-6b1fb/locations/us-central1/functions/api"},"runtime":"nodejs18","buildId":"509fe72d-1364-4d8c-a44d-1654ea3d8c4b","buildEnvironmentVariables":{"GOOGLE_NODE_RUN_SCRIPTS":""},"buildName":"projects/703564746152/locations/us-central1/builds/509fe72d-1364-4d8c-a44d-1654ea3d8c4b","dockerRegistry":"ARTIFACT_REGISTRY","automaticUpdatePolicy":{}},"versionId":"28","updateTime":"2023-12-09T09:59:49Z","buildId":"e69e7b36-ee4c-40e3-9175-55dca69f5bd5","buildName":"projects/703564746152/locations/us-central1/builds/e69e7b36-ee4c-40e3-9175-55dca69f5bd5"}}
[debug] [2023-12-09T09:59:53.424Z] [update-default-us-central1-api] Retrying task index 0
[debug] [2023-12-09T09:59:53.425Z] >>> [apiv2][query] GET https://cloudfunctions.googleapis.com/v1/operations/Y2FyLXNob3AtNmIxZmIvdXMtY2VudHJhbDEvYXBpL1NCZlcwMUhUZDJZ [none]
[debug] [2023-12-09T09:59:53.721Z] <<< [apiv2][status] GET https://cloudfunctions.googleapis.com/v1/operations/Y2FyLXNob3AtNmIxZmIvdXMtY2VudHJhbDEvYXBpL1NCZlcwMUhUZDJZ 200
[debug] [2023-12-09T09:59:53.722Z] <<< [apiv2][body] GET https://cloudfunctions.googleapis.com/v1/operations/Y2FyLXNob3AtNmIxZmIvdXMtY2VudHJhbDEvYXBpL1NCZlcwMUhUZDJZ {"name":"operations/Y2FyLXNob3AtNmIxZmIvdXMtY2VudHJhbDEvYXBpL1NCZlcwMUhUZDJZ","metadata":{"@type":"type.googleapis.com/google.cloud.functions.v1.OperationMetadataV1","target":"projects/car-shop-6b1fb/locations/us-central1/functions/api","type":"UPDATE_FUNCTION","request":{"@type":"type.googleapis.com/google.cloud.functions.v1.CloudFunction","name":"projects/car-shop-6b1fb/locations/us-central1/functions/api","httpsTrigger":{"url":"https://us-central1-car-shop-6b1fb.cloudfunctions.net/api","securityLevel":"SECURE_ALWAYS"},"status":"ACTIVE","entryPoint":"api","updateTime":"2023-12-08T12:41:31.270Z","versionId":"27","labels":{"deployment-tool":"cli-firebase","firebase-functions-hash":"14d28c1289ffc16c2c978138389a3f1ca2e3df17"},"sourceUploadUrl":"https://storage.googleapis.com/uploads-1068149633135.us-central1.cloudfunctions.appspot.com/668c2958-bfb7-4212-881d-79a261fe0ee2.zip?GoogleAccessId=service-703564746152@gcf-admin-robot.iam.gserviceaccount.com&Expires=1702117788&Signature=B%2FwKJdC47uRehuswWA2OoiNr8vXiVA8n0nqRklNk7mSNnGOxMkYI7woCiXC3bF89NI%2Bh4LQZ0L5b%2F83nySSv5fnFD0oiv%2FyYTv57W9bd1huOgTIc0oYRoAvYtvgfNFOb6BatwXOz99nNzljIgD1CZpzgCSzGiFxH2DhHBmaOZldX3nv0JtPhNcqODA0jg0jV%2FjhVnidwHG%2FKZ4CAkvJfijZyq%2BdcTlAdU2tgdy6OCy3ccd9En7%2BHHeFfDDF9a8hNA2psZyxYehob2qk8NQxQZ%2F9XV17YFsUU%2FpEoxn6cOWWpVTiHABQw6fPDz1Lm%2FkYMhvWAbWWWlDtIW%2FoItwADjA%3D%3D","environmentVariables":{"CONNECTION":"mongodb+srv://Martoto_BG:Martinav123@car-app.vcc66eh.mongodb.net/Car-Shop?retryWrites=true&w=majority","FIREBASE_CONFIG":"{\"projectId\":\"car-shop-6b1fb\",\"storageBucket\":\"car-shop-6b1fb.appspot.com\"}","GCLOUD_PROJECT":"car-shop-6b1fb","EVENTARC_CLOUD_EVENT_SOURCE":"projects/car-shop-6b1fb/locations/us-central1/functions/api"},"runtime":"nodejs18","buildId":"509fe72d-1364-4d8c-a44d-1654ea3d8c4b","buildEnvironmentVariables":{"GOOGLE_NODE_RUN_SCRIPTS":""},"buildName":"projects/703564746152/locations/us-central1/builds/509fe72d-1364-4d8c-a44d-1654ea3d8c4b","dockerRegistry":"ARTIFACT_REGISTRY","automaticUpdatePolicy":{}},"versionId":"28","updateTime":"2023-12-09T09:59:49Z","buildId":"e69e7b36-ee4c-40e3-9175-55dca69f5bd5","buildName":"projects/703564746152/locations/us-central1/builds/e69e7b36-ee4c-40e3-9175-55dca69f5bd5"}}
[debug] [2023-12-09T09:59:57.726Z] [update-default-us-central1-api] Retrying task index 0
[debug] [2023-12-09T09:59:57.726Z] >>> [apiv2][query] GET https://cloudfunctions.googleapis.com/v1/operations/Y2FyLXNob3AtNmIxZmIvdXMtY2VudHJhbDEvYXBpL1NCZlcwMUhUZDJZ [none]
[debug] [2023-12-09T09:59:57.979Z] <<< [apiv2][status] GET https://cloudfunctions.googleapis.com/v1/operations/Y2FyLXNob3AtNmIxZmIvdXMtY2VudHJhbDEvYXBpL1NCZlcwMUhUZDJZ 200
[debug] [2023-12-09T09:59:57.980Z] <<< [apiv2][body] GET https://cloudfunctions.googleapis.com/v1/operations/Y2FyLXNob3AtNmIxZmIvdXMtY2VudHJhbDEvYXBpL1NCZlcwMUhUZDJZ {"name":"operations/Y2FyLXNob3AtNmIxZmIvdXMtY2VudHJhbDEvYXBpL1NCZlcwMUhUZDJZ","metadata":{"@type":"type.googleapis.com/google.cloud.functions.v1.OperationMetadataV1","target":"projects/car-shop-6b1fb/locations/us-central1/functions/api","type":"UPDATE_FUNCTION","request":{"@type":"type.googleapis.com/google.cloud.functions.v1.CloudFunction","name":"projects/car-shop-6b1fb/locations/us-central1/functions/api","httpsTrigger":{"url":"https://us-central1-car-shop-6b1fb.cloudfunctions.net/api","securityLevel":"SECURE_ALWAYS"},"status":"ACTIVE","entryPoint":"api","updateTime":"2023-12-08T12:41:31.270Z","versionId":"27","labels":{"deployment-tool":"cli-firebase","firebase-functions-hash":"14d28c1289ffc16c2c978138389a3f1ca2e3df17"},"sourceUploadUrl":"https://storage.googleapis.com/uploads-1068149633135.us-central1.cloudfunctions.appspot.com/668c2958-bfb7-4212-881d-79a261fe0ee2.zip?GoogleAccessId=service-703564746152@gcf-admin-robot.iam.gserviceaccount.com&Expires=1702117788&Signature=B%2FwKJdC47uRehuswWA2OoiNr8vXiVA8n0nqRklNk7mSNnGOxMkYI7woCiXC3bF89NI%2Bh4LQZ0L5b%2F83nySSv5fnFD0oiv%2FyYTv57W9bd1huOgTIc0oYRoAvYtvgfNFOb6BatwXOz99nNzljIgD1CZpzgCSzGiFxH2DhHBmaOZldX3nv0JtPhNcqODA0jg0jV%2FjhVnidwHG%2FKZ4CAkvJfijZyq%2BdcTlAdU2tgdy6OCy3ccd9En7%2BHHeFfDDF9a8hNA2psZyxYehob2qk8NQxQZ%2F9XV17YFsUU%2FpEoxn6cOWWpVTiHABQw6fPDz1Lm%2FkYMhvWAbWWWlDtIW%2FoItwADjA%3D%3D","environmentVariables":{"CONNECTION":"mongodb+srv://Martoto_BG:Martinav123@car-app.vcc66eh.mongodb.net/Car-Shop?retryWrites=true&w=majority","FIREBASE_CONFIG":"{\"projectId\":\"car-shop-6b1fb\",\"storageBucket\":\"car-shop-6b1fb.appspot.com\"}","GCLOUD_PROJECT":"car-shop-6b1fb","EVENTARC_CLOUD_EVENT_SOURCE":"projects/car-shop-6b1fb/locations/us-central1/functions/api"},"runtime":"nodejs18","buildId":"509fe72d-1364-4d8c-a44d-1654ea3d8c4b","buildEnvironmentVariables":{"GOOGLE_NODE_RUN_SCRIPTS":""},"buildName":"projects/703564746152/locations/us-central1/builds/509fe72d-1364-4d8c-a44d-1654ea3d8c4b","dockerRegistry":"ARTIFACT_REGISTRY","automaticUpdatePolicy":{}},"versionId":"28","updateTime":"2023-12-09T09:59:49Z","buildId":"e69e7b36-ee4c-40e3-9175-55dca69f5bd5","buildName":"projects/703564746152/locations/us-central1/builds/e69e7b36-ee4c-40e3-9175-55dca69f5bd5"}}
[debug] [2023-12-09T10:00:05.981Z] [update-default-us-central1-api] Retrying task index 0
[debug] [2023-12-09T10:00:05.981Z] >>> [apiv2][query] GET https://cloudfunctions.googleapis.com/v1/operations/Y2FyLXNob3AtNmIxZmIvdXMtY2VudHJhbDEvYXBpL1NCZlcwMUhUZDJZ [none]
[debug] [2023-12-09T10:00:06.284Z] <<< [apiv2][status] GET https://cloudfunctions.googleapis.com/v1/operations/Y2FyLXNob3AtNmIxZmIvdXMtY2VudHJhbDEvYXBpL1NCZlcwMUhUZDJZ 200
[debug] [2023-12-09T10:00:06.284Z] <<< [apiv2][body] GET https://cloudfunctions.googleapis.com/v1/operations/Y2FyLXNob3AtNmIxZmIvdXMtY2VudHJhbDEvYXBpL1NCZlcwMUhUZDJZ {"name":"operations/Y2FyLXNob3AtNmIxZmIvdXMtY2VudHJhbDEvYXBpL1NCZlcwMUhUZDJZ","metadata":{"@type":"type.googleapis.com/google.cloud.functions.v1.OperationMetadataV1","target":"projects/car-shop-6b1fb/locations/us-central1/functions/api","type":"UPDATE_FUNCTION","request":{"@type":"type.googleapis.com/google.cloud.functions.v1.CloudFunction","name":"projects/car-shop-6b1fb/locations/us-central1/functions/api","httpsTrigger":{"url":"https://us-central1-car-shop-6b1fb.cloudfunctions.net/api","securityLevel":"SECURE_ALWAYS"},"status":"ACTIVE","entryPoint":"api","updateTime":"2023-12-08T12:41:31.270Z","versionId":"27","labels":{"deployment-tool":"cli-firebase","firebase-functions-hash":"14d28c1289ffc16c2c978138389a3f1ca2e3df17"},"sourceUploadUrl":"https://storage.googleapis.com/uploads-1068149633135.us-central1.cloudfunctions.appspot.com/668c2958-bfb7-4212-881d-79a261fe0ee2.zip?GoogleAccessId=service-703564746152@gcf-admin-robot.iam.gserviceaccount.com&Expires=1702117788&Signature=B%2FwKJdC47uRehuswWA2OoiNr8vXiVA8n0nqRklNk7mSNnGOxMkYI7woCiXC3bF89NI%2Bh4LQZ0L5b%2F83nySSv5fnFD0oiv%2FyYTv57W9bd1huOgTIc0oYRoAvYtvgfNFOb6BatwXOz99nNzljIgD1CZpzgCSzGiFxH2DhHBmaOZldX3nv0JtPhNcqODA0jg0jV%2FjhVnidwHG%2FKZ4CAkvJfijZyq%2BdcTlAdU2tgdy6OCy3ccd9En7%2BHHeFfDDF9a8hNA2psZyxYehob2qk8NQxQZ%2F9XV17YFsUU%2FpEoxn6cOWWpVTiHABQw6fPDz1Lm%2FkYMhvWAbWWWlDtIW%2FoItwADjA%3D%3D","environmentVariables":{"CONNECTION":"mongodb+srv://Martoto_BG:Martinav123@car-app.vcc66eh.mongodb.net/Car-Shop?retryWrites=true&w=majority","FIREBASE_CONFIG":"{\"projectId\":\"car-shop-6b1fb\",\"storageBucket\":\"car-shop-6b1fb.appspot.com\"}","GCLOUD_PROJECT":"car-shop-6b1fb","EVENTARC_CLOUD_EVENT_SOURCE":"projects/car-shop-6b1fb/locations/us-central1/functions/api"},"runtime":"nodejs18","buildId":"509fe72d-1364-4d8c-a44d-1654ea3d8c4b","buildEnvironmentVariables":{"GOOGLE_NODE_RUN_SCRIPTS":""},"buildName":"projects/703564746152/locations/us-central1/builds/509fe72d-1364-4d8c-a44d-1654ea3d8c4b","dockerRegistry":"ARTIFACT_REGISTRY","automaticUpdatePolicy":{}},"versionId":"28","updateTime":"2023-12-09T09:59:49Z","buildId":"e69e7b36-ee4c-40e3-9175-55dca69f5bd5","buildName":"projects/703564746152/locations/us-central1/builds/e69e7b36-ee4c-40e3-9175-55dca69f5bd5"}}
